f:\.light-compiler-based-on-lr1-method-master\parser\x64\debug\grammar.obj
f:\.light-compiler-based-on-lr1-method-master\parser\x64\debug\myqgraphicsview.obj
f:\.light-compiler-based-on-lr1-method-master\parser\x64\debug\lexer.obj
f:\.light-compiler-based-on-lr1-method-master\parser\x64\debug\lr1.obj
f:\.light-compiler-based-on-lr1-method-master\parser\x64\debug\show.obj
f:\.light-compiler-based-on-lr1-method-master\parser\x64\debug\token.obj
f:\.light-compiler-based-on-lr1-method-master\parser\x64\debug\main.obj
f:\.light-compiler-based-on-lr1-method-master\parser\x64\debug\parser.obj
f:\.light-compiler-based-on-lr1-method-master\parser\x64\debug\vc143.pdb
f:\.light-compiler-based-on-lr1-method-master\parser\x64\debug\qrc_parser.obj
f:\.light-compiler-based-on-lr1-method-master\parser\x64\debug\moc_myqgraphicsview.obj
f:\.light-compiler-based-on-lr1-method-master\parser\x64\debug\moc_show.obj
f:\.light-compiler-based-on-lr1-method-master\parser\x64\debug\moc_parser.obj
f:\.light-compiler-based-on-lr1-method-master\parser\x64\debug\qt\moc\moc_parser.cpp
f:\.light-compiler-based-on-lr1-method-master\parser\x64\debug\qt\moc\moc_myqgraphicsview.cpp
f:\.light-compiler-based-on-lr1-method-master\parser\x64\debug\qt\uic\ui_parser.h
f:\.light-compiler-based-on-lr1-method-master\parser\x64\debug\qt\uic\ui_show.h
f:\.light-compiler-based-on-lr1-method-master\parser\x64\debug\qt\rcc\qrc_parser.cpp
f:\.light-compiler-based-on-lr1-method-master\parser\x64\debug\qt\moc\moc_show.cpp
f:\.light-compiler-based-on-lr1-method-master\x64\debug\parser.pdb
f:\.light-compiler-based-on-lr1-method-master\parser\x64\debug\parser.tlog\cl.command.1.tlog
f:\.light-compiler-based-on-lr1-method-master\parser\x64\debug\parser.tlog\cl.read.1.tlog
f:\.light-compiler-based-on-lr1-method-master\parser\x64\debug\parser.tlog\cl.write.1.tlog
f:\.light-compiler-based-on-lr1-method-master\parser\x64\debug\parser.tlog\link-cvtres.read.1.tlog
f:\.light-compiler-based-on-lr1-method-master\parser\x64\debug\parser.tlog\link-cvtres.write.1.tlog
f:\.light-compiler-based-on-lr1-method-master\parser\x64\debug\parser.tlog\link-rc.read.1.tlog
f:\.light-compiler-based-on-lr1-method-master\parser\x64\debug\parser.tlog\link-rc.write.1.tlog
f:\.light-compiler-based-on-lr1-method-master\parser\x64\debug\parser.tlog\link.27080-cvtres.read.1.tlog
f:\.light-compiler-based-on-lr1-method-master\parser\x64\debug\parser.tlog\link.27080-cvtres.write.1.tlog
f:\.light-compiler-based-on-lr1-method-master\parser\x64\debug\parser.tlog\link.27080-rc.read.1.tlog
f:\.light-compiler-based-on-lr1-method-master\parser\x64\debug\parser.tlog\link.27080-rc.write.1.tlog
f:\.light-compiler-based-on-lr1-method-master\parser\x64\debug\parser.tlog\link.27080.read.1.tlog
f:\.light-compiler-based-on-lr1-method-master\parser\x64\debug\parser.tlog\link.27080.read.2.tlog
f:\.light-compiler-based-on-lr1-method-master\parser\x64\debug\parser.tlog\link.27080.write.1.tlog
f:\.light-compiler-based-on-lr1-method-master\parser\x64\debug\parser.tlog\link.command.1.tlog
f:\.light-compiler-based-on-lr1-method-master\parser\x64\debug\parser.tlog\link.read.1.tlog
f:\.light-compiler-based-on-lr1-method-master\parser\x64\debug\parser.tlog\link.read.2.tlog
f:\.light-compiler-based-on-lr1-method-master\parser\x64\debug\parser.tlog\link.write.1.tlog
f:\.light-compiler-based-on-lr1-method-master\parser\x64\debug\parser.tlog\moc.read.1u.tlog
f:\.light-compiler-based-on-lr1-method-master\parser\x64\debug\parser.tlog\moc.write.1u.tlog
f:\.light-compiler-based-on-lr1-method-master\parser\x64\debug\parser.tlog\parser.write.1u.tlog
f:\.light-compiler-based-on-lr1-method-master\parser\x64\debug\parser.tlog\rcc.read.1u.tlog
f:\.light-compiler-based-on-lr1-method-master\parser\x64\debug\parser.tlog\rcc.write.1u.tlog
f:\.light-compiler-based-on-lr1-method-master\parser\x64\debug\parser.tlog\uic.read.1u.tlog
f:\.light-compiler-based-on-lr1-method-master\parser\x64\debug\parser.tlog\uic.write.1u.tlog
